<?xml version="1.0" encoding="UTF-8"?>
<!-- Generated by org.testng.reporters.JUnitXMLReporter -->
<testsuite name="List Packages from different servers" tests="4" failures="0" timestamp="20 Nov 2015 09:37:35 GMT" time="207.494" errors="0">
  <testcase name="BS_List_Installed_Packages" time="52.743" classname="com.autoport.testcases.BS_UseCase_2"/>
  <testcase name="BS_List_Installed_Packages" time="66.734" classname="com.autoport.testcases.BS_UseCase_2"/>
  <testcase name="BS_List_Specific_Packages" time="29.957" classname="com.autoport.testcases.BS_UseCase_2"/>
  <testcase name="BS_List_Specific_Packages" time="20.104" classname="com.autoport.testcases.BS_UseCase_2"/>
</testsuite> <!-- List Packages from different servers -->
