<?xml version="1.0" encoding="UTF-8"?>
<testng-results skipped="0" failed="2" total="8" passed="6">
  <reporter-output>
    <line>
      <![CDATA[PASS : <font color="green"><b> Build Servers' tab is displayed.</b></font><br/>]]>
    </line>
    <line>
      <![CDATA[PASS : <font color="green"><b> Manage Jenkins Slave Nodes section' is expanded.</b></font><br/>]]>
    </line>
    <line>
      <![CDATA[PASS : <font color="green"><b> List / Install / Remove software on a given build server' section is expanded.</b></font><br/>]]>
    </line>
    <line>
      <![CDATA[PASS : <font color="green"><b> placeholder text is correct for search box.</b></font><br/>]]>
    </line>
    <line>
      <![CDATA[PASS : <font color="green"><b> ppcle-ubuntu Build Server is selected</b></font><br/>]]>
    </line>
    <line>
      <![CDATA[PASS : <font color="green"><b> Packages with different available versions are displayed in table</b></font><br/>]]>
    </line>
    <line>
      <![CDATA[PASS : <font color="green"><b> Expected notification message is displayed.</b></font><br/>]]>
    </line>
    <line>
      <![CDATA[PASS : <font color="green"><b> Only installed packages are displayed in serch result</b></font><br/>]]>
    </line>
    <line>
      <![CDATA[PASS : <font color="green"><b> placeholder text is correct for search box.</b></font><br/>]]>
    </line>
    <line>
      <![CDATA[PASS : <font color="green"><b> x86-ubuntu Build Server is selected</b></font><br/>]]>
    </line>
    <line>
      <![CDATA[PASS : <font color="green"><b> Packages with different available versions are displayed in table</b></font><br/>]]>
    </line>
    <line>
      <![CDATA[PASS : <font color="green"><b> Expected notification message is displayed.</b></font><br/>]]>
    </line>
    <line>
      <![CDATA[PASS : <font color="green"><b> Only installed packages are displayed in serch result</b></font><br/>]]>
    </line>
    <line>
      <![CDATA[PASS : <font color="green"><b> user is able to enter packagename in search box.</b></font><br/>]]>
    </line>
    <line>
      <![CDATA[PASS : <font color="green"><b> ppcle-ubuntu Build Server is selected</b></font><br/>]]>
    </line>
    <line>
      <![CDATA[PASS : <font color="green"><b> Packages with different available versions are displayed in table</b></font><br/>]]>
    </line>
    <line>
      <![CDATA[PASS : <font color="green"><b> Expected notification message is displayed.</b></font><br/>]]>
    </line>
    <line>
      <![CDATA[PASS : <font color="green"><b> Search Results are correct for package searched.</b></font><br/>]]>
    </line>
    <line>
      <![CDATA[PASS : <font color="green"><b> user is able to enter packagename in search box.</b></font><br/>]]>
    </line>
    <line>
      <![CDATA[PASS : <font color="green"><b> x86-ubuntu Build Server is selected</b></font><br/>]]>
    </line>
    <line>
      <![CDATA[PASS : <font color="green"><b> Packages with different available versions are displayed in table</b></font><br/>]]>
    </line>
    <line>
      <![CDATA[PASS : <font color="green"><b> Expected notification message is displayed.</b></font><br/>]]>
    </line>
    <line>
      <![CDATA[PASS : <font color="green"><b> Search Results are correct for package searched.</b></font><br/>]]>
    </line>
    <line>
      <![CDATA[PASS : <font color="green"><b> Build Servers' tab is displayed.</b></font><br/>]]>
    </line>
    <line>
      <![CDATA[PASS : <font color="green"><b> Manage Jenkins Slave Nodes section' is expanded.</b></font><br/>]]>
    </line>
    <line>
      <![CDATA[PASS : <font color="green"><b> List / Install / Remove software on a given build server' section is expanded.</b></font><br/>]]>
    </line>
    <line>
      <![CDATA[PASS : <font color="green"><b> user is able to enter packagename in search box.</b></font><br/>]]>
    </line>
    <line>
      <![CDATA[PASS : <font color="green"><b> ppcle-ubuntu Build Server is selected</b></font><br/>]]>
    </line>
    <line>
      <![CDATA[PASS : <font color="green"><b> Packages with different available versions are displayed in table</b></font><br/>]]>
    </line>
    <line>
      <![CDATA[FAIL : <font color="red"><b> Install/Update and Remove buttons are not disabled</b></font><br/>]]>
    </line>
    <line>
      <![CDATA[PASS : <font color="green"><b> python-bson Package is selected for installation</b></font><br/>]]>
    </line>
    <line>
      <![CDATA[PASS : <font color="green"><b> Install/Update and Remove buttons are enabled</b></font><br/>]]>
    </line>
    <line>
      <![CDATA[PASS : <font color="green"><b> user is able to enter packagename in search box.</b></font><br/>]]>
    </line>
    <line>
      <![CDATA[PASS : <font color="green"><b> x86-ubuntu Build Server is selected</b></font><br/>]]>
    </line>
    <line>
      <![CDATA[PASS : <font color="green"><b> Packages with different available versions are displayed in table</b></font><br/>]]>
    </line>
    <line>
      <![CDATA[FAIL : <font color="red"><b> Install/Update and Remove buttons are not disabled</b></font><br/>]]>
    </line>
    <line>
      <![CDATA[PASS : <font color="green"><b> python-bson Package is selected for installation</b></font><br/>]]>
    </line>
    <line>
      <![CDATA[PASS : <font color="green"><b> Install/Update and Remove buttons are enabled</b></font><br/>]]>
    </line>
    <line>
      <![CDATA[PASS : <font color="green"><b> Package name is correct in installaton success message</b></font><br/>]]>
    </line>
    <line>
      <![CDATA[PASS : <font color="green"><b> Action name is correct in installaton success message</b></font><br/>]]>
    </line>
    <line>
      <![CDATA[PASS : <font color="green"><b> Status is correct in installaton success message</b></font><br/>]]>
    </line>
    <line>
      <![CDATA[PASS : <font color="green"><b> user is able to enter packagename in search box.</b></font><br/>]]>
    </line>
    <line>
      <![CDATA[PASS : <font color="green"><b> x86-ubuntu Build Server is selected</b></font><br/>]]>
    </line>
    <line>
      <![CDATA[PASS : <font color="green"><b> Packages with different available versions are displayed in table</b></font><br/>]]>
    </line>
    <line>
      <![CDATA[PASS : <font color="green"><b> Installed version for package python-bson is 2.6.3-1build1</b></font><br/>]]>
    </line>
    <line>
      <![CDATA[PASS : <font color="green"><b> ppcle-ubuntu Build Server is selected</b></font><br/>]]>
    </line>
    <line>
      <![CDATA[PASS : <font color="green"><b> user is able to enter packagename in search box.</b></font><br/>]]>
    </line>
    <line>
      <![CDATA[PASS : <font color="green"><b> Packages with different available versions are displayed in table</b></font><br/>]]>
    </line>
    <line>
      <![CDATA[PASS : <font color="green"><b> Package is already installed message is displayed correctly</b></font><br/>]]>
    </line>
    <line>
      <![CDATA[PASS : <font color="green"><b> user is able to enter packagename in search box.</b></font><br/>]]>
    </line>
    <line>
      <![CDATA[PASS : <font color="green"><b> ppcle-ubuntu Build Server is selected</b></font><br/>]]>
    </line>
    <line>
      <![CDATA[PASS : <font color="green"><b> Packages with different available versions are displayed in table</b></font><br/>]]>
    </line>
  </reporter-output>
  <suite name="Autoport Smoke Tests" duration-ms="488530" started-at="2015-11-20T09:34:07Z" finished-at="2015-11-20T09:42:15Z">
    <groups>
    </groups>
    <test name="List Packages from different servers" duration-ms="207494" started-at="2015-11-20T09:34:07Z" finished-at="2015-11-20T09:37:34Z">
      <class name="com.autoport.testcases.BS_UseCase_2">
        <test-method status="PASS" signature="beforeTest(java.lang.String)[pri:0, instance:com.autoport.testcases.BS_UseCase_2@73b8dc93]" name="beforeTest" is-config="true" duration-ms="37167" started-at="2015-11-20T15:04:07Z" finished-at="2015-11-20T15:04:44Z">
          <params>
            <param index="0">
              <value>
                <![CDATA[firefox]]>
              </value>
            </param>
          </params>
          <reporter-output>
            <line>
              <![CDATA[PASS : <font color="green"><b> Build Servers' tab is displayed.</b></font><br/>]]>
            </line>
            <line>
              <![CDATA[PASS : <font color="green"><b> Manage Jenkins Slave Nodes section' is expanded.</b></font><br/>]]>
            </line>
            <line>
              <![CDATA[PASS : <font color="green"><b> List / Install / Remove software on a given build server' section is expanded.</b></font><br/>]]>
            </line>
          </reporter-output>
        </test-method> <!-- beforeTest -->
        <test-method status="PASS" signature="BS_List_Installed_Packages(java.lang.String, java.lang.String)[pri:0, instance:com.autoport.testcases.BS_UseCase_2@73b8dc93]" name="BS_List_Installed_Packages" duration-ms="52743" started-at="2015-11-20T15:04:44Z" data-provider="buildServers" finished-at="2015-11-20T15:05:37Z">
          <params>
            <param index="0">
              <value>
                <![CDATA[ppcle-ubuntu]]>
              </value>
            </param>
            <param index="1">
              <value>
                <![CDATA[python-bson]]>
              </value>
            </param>
          </params>
          <reporter-output>
            <line>
              <![CDATA[PASS : <font color="green"><b> placeholder text is correct for search box.</b></font><br/>]]>
            </line>
            <line>
              <![CDATA[PASS : <font color="green"><b> ppcle-ubuntu Build Server is selected</b></font><br/>]]>
            </line>
            <line>
              <![CDATA[PASS : <font color="green"><b> Packages with different available versions are displayed in table</b></font><br/>]]>
            </line>
            <line>
              <![CDATA[PASS : <font color="green"><b> Expected notification message is displayed.</b></font><br/>]]>
            </line>
            <line>
              <![CDATA[PASS : <font color="green"><b> Only installed packages are displayed in serch result</b></font><br/>]]>
            </line>
          </reporter-output>
        </test-method> <!-- BS_List_Installed_Packages -->
        <test-method status="PASS" signature="BS_List_Installed_Packages(java.lang.String, java.lang.String)[pri:0, instance:com.autoport.testcases.BS_UseCase_2@73b8dc93]" name="BS_List_Installed_Packages" duration-ms="66734" started-at="2015-11-20T15:05:37Z" data-provider="buildServers" finished-at="2015-11-20T15:06:43Z">
          <params>
            <param index="0">
              <value>
                <![CDATA[x86-ubuntu]]>
              </value>
            </param>
            <param index="1">
              <value>
                <![CDATA[python-bson]]>
              </value>
            </param>
          </params>
          <reporter-output>
            <line>
              <![CDATA[PASS : <font color="green"><b> placeholder text is correct for search box.</b></font><br/>]]>
            </line>
            <line>
              <![CDATA[PASS : <font color="green"><b> x86-ubuntu Build Server is selected</b></font><br/>]]>
            </line>
            <line>
              <![CDATA[PASS : <font color="green"><b> Packages with different available versions are displayed in table</b></font><br/>]]>
            </line>
            <line>
              <![CDATA[PASS : <font color="green"><b> Expected notification message is displayed.</b></font><br/>]]>
            </line>
            <line>
              <![CDATA[PASS : <font color="green"><b> Only installed packages are displayed in serch result</b></font><br/>]]>
            </line>
          </reporter-output>
        </test-method> <!-- BS_List_Installed_Packages -->
        <test-method status="PASS" signature="BS_List_Specific_Packages(java.lang.String, java.lang.String)[pri:1, instance:com.autoport.testcases.BS_UseCase_2@73b8dc93]" name="BS_List_Specific_Packages" duration-ms="29957" started-at="2015-11-20T15:06:43Z" data-provider="buildServers" finished-at="2015-11-20T15:07:13Z">
          <params>
            <param index="0">
              <value>
                <![CDATA[ppcle-ubuntu]]>
              </value>
            </param>
            <param index="1">
              <value>
                <![CDATA[python-bson]]>
              </value>
            </param>
          </params>
          <reporter-output>
            <line>
              <![CDATA[PASS : <font color="green"><b> user is able to enter packagename in search box.</b></font><br/>]]>
            </line>
            <line>
              <![CDATA[PASS : <font color="green"><b> ppcle-ubuntu Build Server is selected</b></font><br/>]]>
            </line>
            <line>
              <![CDATA[PASS : <font color="green"><b> Packages with different available versions are displayed in table</b></font><br/>]]>
            </line>
            <line>
              <![CDATA[PASS : <font color="green"><b> Expected notification message is displayed.</b></font><br/>]]>
            </line>
            <line>
              <![CDATA[PASS : <font color="green"><b> Search Results are correct for package searched.</b></font><br/>]]>
            </line>
          </reporter-output>
        </test-method> <!-- BS_List_Specific_Packages -->
        <test-method status="PASS" signature="BS_List_Specific_Packages(java.lang.String, java.lang.String)[pri:1, instance:com.autoport.testcases.BS_UseCase_2@73b8dc93]" name="BS_List_Specific_Packages" duration-ms="20104" started-at="2015-11-20T15:07:13Z" data-provider="buildServers" finished-at="2015-11-20T15:07:34Z">
          <params>
            <param index="0">
              <value>
                <![CDATA[x86-ubuntu]]>
              </value>
            </param>
            <param index="1">
              <value>
                <![CDATA[python-bson]]>
              </value>
            </param>
          </params>
          <reporter-output>
            <line>
              <![CDATA[PASS : <font color="green"><b> user is able to enter packagename in search box.</b></font><br/>]]>
            </line>
            <line>
              <![CDATA[PASS : <font color="green"><b> x86-ubuntu Build Server is selected</b></font><br/>]]>
            </line>
            <line>
              <![CDATA[PASS : <font color="green"><b> Packages with different available versions are displayed in table</b></font><br/>]]>
            </line>
            <line>
              <![CDATA[PASS : <font color="green"><b> Expected notification message is displayed.</b></font><br/>]]>
            </line>
            <line>
              <![CDATA[PASS : <font color="green"><b> Search Results are correct for package searched.</b></font><br/>]]>
            </line>
          </reporter-output>
        </test-method> <!-- BS_List_Specific_Packages -->
        <test-method status="PASS" signature="afterClass()[pri:0, instance:com.autoport.testcases.BS_UseCase_2@73b8dc93]" name="afterClass" is-config="true" duration-ms="630" started-at="2015-11-20T15:07:34Z" finished-at="2015-11-20T15:07:34Z">
          <reporter-output>
          </reporter-output>
        </test-method> <!-- afterClass -->
      </class> <!-- com.autoport.testcases.BS_UseCase_2 -->
    </test> <!-- List Packages from different servers -->
    <test name="Install packages on different Servers" duration-ms="280222" started-at="2015-11-20T09:37:35Z" finished-at="2015-11-20T09:42:15Z">
      <class name="com.autoport.testcases.BS_UseCase_3">
        <test-method status="PASS" signature="beforeTest(java.lang.String)[pri:0, instance:com.autoport.testcases.BS_UseCase_3@3937bf4]" name="beforeTest" is-config="true" duration-ms="32764" started-at="2015-11-20T15:07:35Z" finished-at="2015-11-20T15:08:08Z">
          <params>
            <param index="0">
              <value>
                <![CDATA[firefox]]>
              </value>
            </param>
          </params>
          <reporter-output>
            <line>
              <![CDATA[PASS : <font color="green"><b> Build Servers' tab is displayed.</b></font><br/>]]>
            </line>
            <line>
              <![CDATA[PASS : <font color="green"><b> Manage Jenkins Slave Nodes section' is expanded.</b></font><br/>]]>
            </line>
            <line>
              <![CDATA[PASS : <font color="green"><b> List / Install / Remove software on a given build server' section is expanded.</b></font><br/>]]>
            </line>
          </reporter-output>
        </test-method> <!-- beforeTest -->
        <test-method status="FAIL" signature="BS_Install_Package_On_Servers(java.lang.String, java.lang.String)[pri:0, instance:com.autoport.testcases.BS_UseCase_3@3937bf4]" name="BS_Install_Package_On_Servers" duration-ms="69729" started-at="2015-11-20T15:08:08Z" data-provider="buildServers" finished-at="2015-11-20T15:09:17Z">
          <params>
            <param index="0">
              <value>
                <![CDATA[ppcle-ubuntu]]>
              </value>
            </param>
            <param index="1">
              <value>
                <![CDATA[python-bson]]>
              </value>
            </param>
          </params>
          <exception class="org.openqa.selenium.TimeoutException">
            <message>
              <![CDATA[Timed out after 40 seconds waiting for visibility of element located by By.xpath: //div[@id='errorAlert']//tbody/tr[@class='success']
Build info: version: '2.47.1', revision: '411b314', time: '2015-07-30 02:56:46'
System info: host: 'N/A', ip: 'N/A', os.name: 'Linux', os.arch: 'amd64', os.version: '2.6.32-358.el6.x86_64', java.version: '1.7.0_79'
Driver info: driver.version: unknown]]>
            </message>
            <full-stacktrace>
              <![CDATA[org.openqa.selenium.TimeoutException: Timed out after 40 seconds waiting for visibility of element located by By.xpath: //div[@id='errorAlert']//tbody/tr[@class='success']
Build info: version: '2.47.1', revision: '411b314', time: '2015-07-30 02:56:46'
System info: host: 'N/A', ip: 'N/A', os.name: 'Linux', os.arch: 'amd64', os.version: '2.6.32-358.el6.x86_64', java.version: '1.7.0_79'
Driver info: driver.version: unknown
	at org.openqa.selenium.support.ui.FluentWait.timeoutException(FluentWait.java:260)
	at org.openqa.selenium.support.ui.FluentWait.until(FluentWait.java:229)
	at com.autoport.pageobjects.BuildServersTab.verifyInstallationSuccessPopUp(BuildServersTab.java:285)
	at com.autoport.testcases.BS_UseCase_3.BS_Install_Package_On_Servers(BS_UseCase_3.java:54)
	at sun.reflect.NativeMethodAccessorImpl.invoke0(Native Method)
	at sun.reflect.NativeMethodAccessorImpl.invoke(NativeMethodAccessorImpl.java:57)
	at sun.reflect.DelegatingMethodAccessorImpl.invoke(DelegatingMethodAccessorImpl.java:43)
	at java.lang.reflect.Method.invoke(Method.java:606)
	at org.testng.internal.MethodInvocationHelper.invokeMethod(MethodInvocationHelper.java:85)
	at org.testng.internal.Invoker.invokeMethod(Invoker.java:639)
	at org.testng.internal.Invoker.invokeTestMethod(Invoker.java:816)
	at org.testng.internal.Invoker.invokeTestMethods(Invoker.java:1124)
	at org.testng.internal.TestMethodWorker.invokeTestMethods(TestMethodWorker.java:125)
	at org.testng.internal.TestMethodWorker.run(TestMethodWorker.java:108)
	at org.testng.TestRunner.privateRun(TestRunner.java:774)
	at org.testng.TestRunner.run(TestRunner.java:624)
	at org.testng.SuiteRunner.runTest(SuiteRunner.java:359)
	at org.testng.SuiteRunner.runSequentially(SuiteRunner.java:354)
	at org.testng.SuiteRunner.privateRun(SuiteRunner.java:312)
	at org.testng.SuiteRunner.run(SuiteRunner.java:261)
	at org.testng.SuiteRunnerWorker.runSuite(SuiteRunnerWorker.java:52)
	at org.testng.SuiteRunnerWorker.run(SuiteRunnerWorker.java:86)
	at org.testng.TestNG.runSuitesSequentially(TestNG.java:1215)
	at org.testng.TestNG.runSuitesLocally(TestNG.java:1140)
	at org.testng.TestNG.run(TestNG.java:1048)
	at org.testng.remote.RemoteTestNG.run(RemoteTestNG.java:112)
	at org.testng.remote.RemoteTestNG.initAndRun(RemoteTestNG.java:205)
	at org.testng.remote.RemoteTestNG.main(RemoteTestNG.java:176)
Caused by: org.openqa.selenium.NoSuchElementException: Unable to locate element: {"method":"xpath","selector":"//div[@id='errorAlert']//tbody/tr[@class='success']"}
Command duration or timeout: 10.05 seconds
For documentation on this error, please visit: http://seleniumhq.org/exceptions/no_such_element.html
Build info: version: '2.47.1', revision: '411b314', time: '2015-07-30 02:56:46'
System info: host: 'N/A', ip: 'N/A', os.name: 'Linux', os.arch: 'amd64', os.version: '2.6.32-358.el6.x86_64', java.version: '1.7.0_79'
*** Element info: {Using=xpath, value=//div[@id='errorAlert']//tbody/tr[@class='success']}
Session ID: a6520aa8-c2d1-4470-a0e0-305e10ed028d
Driver info: org.openqa.selenium.firefox.FirefoxDriver
Capabilities [{platform=LINUX, acceptSslCerts=true, javascriptEnabled=true, cssSelectorsEnabled=true, databaseEnabled=true, browserName=firefox, handlesAlerts=true, nativeEvents=false, webStorageEnabled=true, rotatable=false, locationContextEnabled=true, applicationCacheEnabled=true, takesScreenshot=true, version=10.0.12}]
	at sun.reflect.NativeConstructorAccessorImpl.newInstance0(Native Method)
	at sun.reflect.NativeConstructorAccessorImpl.newInstance(NativeConstructorAccessorImpl.java:57)
	at sun.reflect.DelegatingConstructorAccessorImpl.newInstance(DelegatingConstructorAccessorImpl.java:45)
	at java.lang.reflect.Constructor.newInstance(Constructor.java:526)
	at org.openqa.selenium.remote.ErrorHandler.createThrowable(ErrorHandler.java:206)
	at org.openqa.selenium.remote.ErrorHandler.throwIfResponseFailed(ErrorHandler.java:158)
	at org.openqa.selenium.remote.RemoteWebDriver.execute(RemoteWebDriver.java:595)
	at org.openqa.selenium.remote.RemoteWebDriver.findElement(RemoteWebDriver.java:348)
	at org.openqa.selenium.remote.RemoteWebDriver.findElementByXPath(RemoteWebDriver.java:445)
	at org.openqa.selenium.By$ByXPath.findElement(By.java:358)
	at org.openqa.selenium.remote.RemoteWebDriver.findElement(RemoteWebDriver.java:340)
	at org.openqa.selenium.support.ui.ExpectedConditions.findElement(ExpectedConditions.java:861)
	at org.openqa.selenium.support.ui.ExpectedConditions.access$0(ExpectedConditions.java:859)
	at org.openqa.selenium.support.ui.ExpectedConditions$7.apply(ExpectedConditions.java:205)
	at org.openqa.selenium.support.ui.ExpectedConditions$7.apply(ExpectedConditions.java:1)
	at org.openqa.selenium.support.ui.FluentWait.until(FluentWait.java:209)
	... 26 more
Caused by: org.openqa.selenium.NoSuchElementException: Unable to locate element: {"method":"xpath","selector":"//div[@id='errorAlert']//tbody/tr[@class='success']"}
For documentation on this error, please visit: http://seleniumhq.org/exceptions/no_such_element.html
Build info: version: '2.47.1', revision: '411b314', time: '2015-07-30 02:56:46'
System info: host: 'N/A', ip: 'N/A', os.name: 'Linux', os.arch: 'amd64', os.version: '2.6.32-358.el6.x86_64', java.version: '1.7.0_79'
Driver info: driver.version: unknown
	at <anonymous class>.<anonymous method>(file:///tmp/anonymous121563535933610224webdriver-profile/extensions/fxdriver@googlecode.com/components/driver-component.js:10667)
	at <anonymous class>.<anonymous method>(file:///tmp/anonymous121563535933610224webdriver-profile/extensions/fxdriver@googlecode.com/components/driver-component.js:623)
]]>
            </full-stacktrace>
          </exception> <!-- org.openqa.selenium.TimeoutException -->
          <reporter-output>
            <line>
              <![CDATA[PASS : <font color="green"><b> user is able to enter packagename in search box.</b></font><br/>]]>
            </line>
            <line>
              <![CDATA[PASS : <font color="green"><b> ppcle-ubuntu Build Server is selected</b></font><br/>]]>
            </line>
            <line>
              <![CDATA[PASS : <font color="green"><b> Packages with different available versions are displayed in table</b></font><br/>]]>
            </line>
            <line>
              <![CDATA[FAIL : <font color="red"><b> Install/Update and Remove buttons are not disabled</b></font><br/>]]>
            </line>
            <line>
              <![CDATA[PASS : <font color="green"><b> python-bson Package is selected for installation</b></font><br/>]]>
            </line>
            <line>
              <![CDATA[PASS : <font color="green"><b> Install/Update and Remove buttons are enabled</b></font><br/>]]>
            </line>
          </reporter-output>
        </test-method> <!-- BS_Install_Package_On_Servers -->
        <test-method status="PASS" signature="BS_Install_Package_On_Servers(java.lang.String, java.lang.String)[pri:0, instance:com.autoport.testcases.BS_UseCase_3@3937bf4]" name="BS_Install_Package_On_Servers" duration-ms="82060" started-at="2015-11-20T15:09:19Z" data-provider="buildServers" finished-at="2015-11-20T15:10:41Z">
          <params>
            <param index="0">
              <value>
                <![CDATA[x86-ubuntu]]>
              </value>
            </param>
            <param index="1">
              <value>
                <![CDATA[python-bson]]>
              </value>
            </param>
          </params>
          <reporter-output>
            <line>
              <![CDATA[PASS : <font color="green"><b> user is able to enter packagename in search box.</b></font><br/>]]>
            </line>
            <line>
              <![CDATA[PASS : <font color="green"><b> x86-ubuntu Build Server is selected</b></font><br/>]]>
            </line>
            <line>
              <![CDATA[PASS : <font color="green"><b> Packages with different available versions are displayed in table</b></font><br/>]]>
            </line>
            <line>
              <![CDATA[FAIL : <font color="red"><b> Install/Update and Remove buttons are not disabled</b></font><br/>]]>
            </line>
            <line>
              <![CDATA[PASS : <font color="green"><b> python-bson Package is selected for installation</b></font><br/>]]>
            </line>
            <line>
              <![CDATA[PASS : <font color="green"><b> Install/Update and Remove buttons are enabled</b></font><br/>]]>
            </line>
            <line>
              <![CDATA[PASS : <font color="green"><b> Package name is correct in installaton success message</b></font><br/>]]>
            </line>
            <line>
              <![CDATA[PASS : <font color="green"><b> Action name is correct in installaton success message</b></font><br/>]]>
            </line>
            <line>
              <![CDATA[PASS : <font color="green"><b> Status is correct in installaton success message</b></font><br/>]]>
            </line>
            <line>
              <![CDATA[PASS : <font color="green"><b> user is able to enter packagename in search box.</b></font><br/>]]>
            </line>
            <line>
              <![CDATA[PASS : <font color="green"><b> x86-ubuntu Build Server is selected</b></font><br/>]]>
            </line>
            <line>
              <![CDATA[PASS : <font color="green"><b> Packages with different available versions are displayed in table</b></font><br/>]]>
            </line>
            <line>
              <![CDATA[PASS : <font color="green"><b> Installed version for package python-bson is 2.6.3-1build1</b></font><br/>]]>
            </line>
          </reporter-output>
        </test-method> <!-- BS_Install_Package_On_Servers -->
        <test-method status="PASS" signature="BS_Install_Already_Installed_Package_01()[pri:1, instance:com.autoport.testcases.BS_UseCase_3@3937bf4]" name="BS_Install_Already_Installed_Package_01" duration-ms="39495" started-at="2015-11-20T15:10:41Z" finished-at="2015-11-20T15:11:21Z">
          <reporter-output>
            <line>
              <![CDATA[PASS : <font color="green"><b> ppcle-ubuntu Build Server is selected</b></font><br/>]]>
            </line>
            <line>
              <![CDATA[PASS : <font color="green"><b> user is able to enter packagename in search box.</b></font><br/>]]>
            </line>
            <line>
              <![CDATA[PASS : <font color="green"><b> Packages with different available versions are displayed in table</b></font><br/>]]>
            </line>
            <line>
              <![CDATA[PASS : <font color="green"><b> Package is already installed message is displayed correctly</b></font><br/>]]>
            </line>
          </reporter-output>
        </test-method> <!-- BS_Install_Already_Installed_Package_01 -->
        <test-method status="FAIL" signature="BS_Install_package_with_different_versions_01()[pri:2, instance:com.autoport.testcases.BS_UseCase_3@3937bf4]" name="BS_Install_package_with_different_versions_01" duration-ms="53619" started-at="2015-11-20T15:11:21Z" finished-at="2015-11-20T15:12:14Z">
          <exception class="org.openqa.selenium.NoAlertPresentException">
            <message>
              <![CDATA[No alert is present (WARNING: The server did not provide any stacktrace information)
Command duration or timeout: 2.25 seconds
Build info: version: '2.47.1', revision: '411b314', time: '2015-07-30 02:56:46'
System info: host: 'N/A', ip: 'N/A', os.name: 'Linux', os.arch: 'amd64', os.version: '2.6.32-358.el6.x86_64', java.version: '1.7.0_79'
Session ID: a6520aa8-c2d1-4470-a0e0-305e10ed028d
Driver info: org.openqa.selenium.firefox.FirefoxDriver
Capabilities [{platform=LINUX, acceptSslCerts=true, javascriptEnabled=true, cssSelectorsEnabled=true, databaseEnabled=true, browserName=firefox, handlesAlerts=true, nativeEvents=false, webStorageEnabled=true, rotatable=false, locationContextEnabled=true, applicationCacheEnabled=true, takesScreenshot=true, version=10.0.12}]]]>
            </message>
            <full-stacktrace>
              <![CDATA[org.openqa.selenium.NoAlertPresentException: No alert is present (WARNING: The server did not provide any stacktrace information)
Command duration or timeout: 2.25 seconds
Build info: version: '2.47.1', revision: '411b314', time: '2015-07-30 02:56:46'
System info: host: 'N/A', ip: 'N/A', os.name: 'Linux', os.arch: 'amd64', os.version: '2.6.32-358.el6.x86_64', java.version: '1.7.0_79'
Session ID: a6520aa8-c2d1-4470-a0e0-305e10ed028d
Driver info: org.openqa.selenium.firefox.FirefoxDriver
Capabilities [{platform=LINUX, acceptSslCerts=true, javascriptEnabled=true, cssSelectorsEnabled=true, databaseEnabled=true, browserName=firefox, handlesAlerts=true, nativeEvents=false, webStorageEnabled=true, rotatable=false, locationContextEnabled=true, applicationCacheEnabled=true, takesScreenshot=true, version=10.0.12}]
	at sun.reflect.NativeConstructorAccessorImpl.newInstance0(Native Method)
	at sun.reflect.NativeConstructorAccessorImpl.newInstance(NativeConstructorAccessorImpl.java:57)
	at sun.reflect.DelegatingConstructorAccessorImpl.newInstance(DelegatingConstructorAccessorImpl.java:45)
	at java.lang.reflect.Constructor.newInstance(Constructor.java:526)
	at org.openqa.selenium.remote.ErrorHandler.createThrowable(ErrorHandler.java:206)
	at org.openqa.selenium.remote.ErrorHandler.throwIfResponseFailed(ErrorHandler.java:158)
	at org.openqa.selenium.remote.RemoteWebDriver.execute(RemoteWebDriver.java:595)
	at org.openqa.selenium.remote.RemoteWebDriver.execute(RemoteWebDriver.java:618)
	at org.openqa.selenium.remote.RemoteWebDriver$RemoteTargetLocator.alert(RemoteWebDriver.java:912)
	at com.autoport.pageobjects.BuildServersTab.verifyTwoVersionMessage(BuildServersTab.java:328)
	at com.autoport.testcases.BS_UseCase_3.BS_Install_package_with_different_versions_01(BS_UseCase_3.java:94)
	at sun.reflect.NativeMethodAccessorImpl.invoke0(Native Method)
	at sun.reflect.NativeMethodAccessorImpl.invoke(NativeMethodAccessorImpl.java:57)
	at sun.reflect.DelegatingMethodAccessorImpl.invoke(DelegatingMethodAccessorImpl.java:43)
	at java.lang.reflect.Method.invoke(Method.java:606)
	at org.testng.internal.MethodInvocationHelper.invokeMethod(MethodInvocationHelper.java:85)
	at org.testng.internal.Invoker.invokeMethod(Invoker.java:639)
	at org.testng.internal.Invoker.invokeTestMethod(Invoker.java:816)
	at org.testng.internal.Invoker.invokeTestMethods(Invoker.java:1124)
	at org.testng.internal.TestMethodWorker.invokeTestMethods(TestMethodWorker.java:125)
	at org.testng.internal.TestMethodWorker.run(TestMethodWorker.java:108)
	at org.testng.TestRunner.privateRun(TestRunner.java:774)
	at org.testng.TestRunner.run(TestRunner.java:624)
	at org.testng.SuiteRunner.runTest(SuiteRunner.java:359)
	at org.testng.SuiteRunner.runSequentially(SuiteRunner.java:354)
	at org.testng.SuiteRunner.privateRun(SuiteRunner.java:312)
	at org.testng.SuiteRunner.run(SuiteRunner.java:261)
	at org.testng.SuiteRunnerWorker.runSuite(SuiteRunnerWorker.java:52)
	at org.testng.SuiteRunnerWorker.run(SuiteRunnerWorker.java:86)
	at org.testng.TestNG.runSuitesSequentially(TestNG.java:1215)
	at org.testng.TestNG.runSuitesLocally(TestNG.java:1140)
	at org.testng.TestNG.run(TestNG.java:1048)
	at org.testng.remote.RemoteTestNG.run(RemoteTestNG.java:112)
	at org.testng.remote.RemoteTestNG.initAndRun(RemoteTestNG.java:205)
	at org.testng.remote.RemoteTestNG.main(RemoteTestNG.java:176)
]]>
            </full-stacktrace>
          </exception> <!-- org.openqa.selenium.NoAlertPresentException -->
          <reporter-output>
            <line>
              <![CDATA[PASS : <font color="green"><b> user is able to enter packagename in search box.</b></font><br/>]]>
            </line>
            <line>
              <![CDATA[PASS : <font color="green"><b> ppcle-ubuntu Build Server is selected</b></font><br/>]]>
            </line>
            <line>
              <![CDATA[PASS : <font color="green"><b> Packages with different available versions are displayed in table</b></font><br/>]]>
            </line>
          </reporter-output>
        </test-method> <!-- BS_Install_package_with_different_versions_01 -->
        <test-method status="PASS" signature="afterClass()[pri:0, instance:com.autoport.testcases.BS_UseCase_3@3937bf4]" name="afterClass" is-config="true" duration-ms="304" started-at="2015-11-20T15:12:15Z" finished-at="2015-11-20T15:12:15Z">
          <reporter-output>
          </reporter-output>
        </test-method> <!-- afterClass -->
      </class> <!-- com.autoport.testcases.BS_UseCase_3 -->
    </test> <!-- Install packages on different Servers -->
  </suite> <!-- Autoport Smoke Tests -->
</testng-results>
